<?xml version="1.0" encoding="UTF-8"?>
<!-- Generated by org.testng.reporters.JUnitXMLReporter -->
<testsuite hostname="INLN56581168A" ignored="0" name="APITests" tests="2" failures="0" timestamp="19 Mar 2019 21:28:30 GMT" time="139.464" errors="0">
  <testcase name="canUpdateWBSElementAttributeDescription" time="101.91" classname="eppmAPIFramework.com.rest.test.UpdateWBSElementTest"/>
  <testcase name="canDeleteProject" time="37.517" classname="eppmAPIFramework.com.rest.test.DeleteProjectTest"/>
</testsuite> <!-- APITests -->
