<?xml version="1.0" encoding="UTF-8"?>
<!-- Generated by org.testng.reporters.JUnitXMLReporter -->
<testsuite hostname="INLN56581168A" ignored="0" name="APITests" tests="4" failures="0" timestamp="24 Dec 2018 04:57:56 GMT" time="34.299" errors="0">
  <testcase name="canCreateProject" time="20.884" classname="eppmAPIFramework.com.rest.test.CreateProjectTest"/>
  <testcase name="canCreateWBSHierarchy" time="5.643" classname="eppmAPIFramework.com.rest.test.CreateWBSHierarchyTest"/>
  <testcase name="canUpdateWBSElementAttributeDescription" time="2.202" classname="eppmAPIFramework.com.rest.test.UpdateWBSElementTest"/>
  <testcase name="canDeleteProject" time="5.525" classname="eppmAPIFramework.com.rest.test.DeleteProjectTest"/>
</testsuite> <!-- APITests -->
