<?xml version="1.0" encoding="UTF-8"?>
<testng-results skipped="0" failed="0" ignored="0" total="2" passed="2">
  <reporter-output>
  </reporter-output>
  <suite name="EPPMAPITestSuite" duration-ms="139464" started-at="2019-03-19T21:26:10Z" finished-at="2019-03-19T21:28:29Z">
    <groups>
    </groups>
    <test name="APITests" duration-ms="139464" started-at="2019-03-19T21:26:10Z" finished-at="2019-03-19T21:28:29Z">
      <class name="eppmAPIFramework.com.rest.test.DeleteProjectTest">
        <test-method status="PASS" signature="canDeleteProject()[pri:0, instance:eppmAPIFramework.com.rest.test.DeleteProjectTest@39aeed2f]" name="canDeleteProject" duration-ms="37517" started-at="2019-03-19T21:27:52Z" finished-at="2019-03-19T21:28:29Z">
          <reporter-output>
          </reporter-output>
        </test-method> <!-- canDeleteProject -->
      </class> <!-- eppmAPIFramework.com.rest.test.DeleteProjectTest -->
      <class name="eppmAPIFramework.com.rest.test.UpdateWBSElementTest">
        <test-method status="PASS" signature="canUpdateWBSElementAttributeDescription()[pri:0, instance:eppmAPIFramework.com.rest.test.UpdateWBSElementTest@4cc0edeb]" name="canUpdateWBSElementAttributeDescription" duration-ms="101910" started-at="2019-03-19T21:26:10Z" finished-at="2019-03-19T21:27:52Z">
          <reporter-output>
          </reporter-output>
        </test-method> <!-- canUpdateWBSElementAttributeDescription -->
      </class> <!-- eppmAPIFramework.com.rest.test.UpdateWBSElementTest -->
    </test> <!-- APITests -->
  </suite> <!-- EPPMAPITestSuite -->
</testng-results>
